c:\users\ejlee\source\repos\imagetesttool_0307\roottools_clr\x64\debug\roottools_clr.pch
c:\users\ejlee\source\repos\imagetesttool_0307\roottools_clr\x64\debug\vc142.pdb
c:\users\ejlee\source\repos\imagetesttool_0307\roottools_clr\x64\debug\pch.obj
c:\users\ejlee\source\repos\imagetesttool_0307\roottools_clr\x64\debug\mysqldbconnector.obj
c:\users\ejlee\source\repos\imagetesttool_0307\roottools_clr\x64\debug\clr_ip.obj
c:\users\ejlee\source\repos\imagetesttool_0307\roottools_clr\x64\debug\assemblyinfo.obj
c:\users\ejlee\source\repos\imagetesttool_0307\roottools_clr\x64\debug\.netframework,version=v4.7.2.assemblyattributes.obj
c:\users\ejlee\source\repos\imagetesttool_0307\bin\debug\roottools_clr.dll
c:\users\ejlee\source\repos\imagetesttool_0307\bin\debug\roottools_clr.pdb
c:\users\ejlee\source\repos\imagetesttool_0307\roottools_clr\x64\debug\app.res
c:\users\ejlee\source\repos\imagetesttool_0307\\bin\debug\roottools_clr.pdb
c:\users\ejlee\source\repos\imagetesttool_0307\roottools_clr\x64\debug\roottools_clr.tlog\cl.command.1.tlog
c:\users\ejlee\source\repos\imagetesttool_0307\roottools_clr\x64\debug\roottools_clr.tlog\cl.read.1.tlog
c:\users\ejlee\source\repos\imagetesttool_0307\roottools_clr\x64\debug\roottools_clr.tlog\cl.write.1.tlog
c:\users\ejlee\source\repos\imagetesttool_0307\roottools_clr\x64\debug\roottools_clr.tlog\link.command.1.tlog
c:\users\ejlee\source\repos\imagetesttool_0307\roottools_clr\x64\debug\roottools_clr.tlog\link.read.1.tlog
c:\users\ejlee\source\repos\imagetesttool_0307\roottools_clr\x64\debug\roottools_clr.tlog\link.write.1.tlog
c:\users\ejlee\source\repos\imagetesttool_0307\roottools_clr\x64\debug\roottools_clr.tlog\metagen.read.1.tlog
c:\users\ejlee\source\repos\imagetesttool_0307\roottools_clr\x64\debug\roottools_clr.tlog\metagen.write.1.tlog
c:\users\ejlee\source\repos\imagetesttool_0307\roottools_clr\x64\debug\roottools_clr.tlog\rc.command.1.tlog
c:\users\ejlee\source\repos\imagetesttool_0307\roottools_clr\x64\debug\roottools_clr.tlog\rc.read.1.tlog
c:\users\ejlee\source\repos\imagetesttool_0307\roottools_clr\x64\debug\roottools_clr.tlog\rc.write.1.tlog
